Unity Editor version:    2020.3.26f1 (7298b473bc1a)
Branch:                  2020.3/staging
Build type:              Release
Batch mode:              YES
macOS version:           Version 11.6.4 (Build 20G417)
Darwin version:          20.6.0
Architecture:            x86_64
Running under Rosetta:   NO
Available memory:        16384 MB
Using pre-set license
Pro License: NO

COMMAND LINE ARGUMENTS:
/Applications/Unity/Hub/Editor/2020.3.26f1/Unity.app/Contents/MacOS/Unity
-adb2
-batchMode
-noUpm
-name
AssetImportWorker0
-projectPath
/Users/david/Desktop/Capstone/USFCAGameDesignClubDemo-DoodleJump/DoodleJump
-logFile
Logs/AssetImportWorker0.log
-srvPort
57380
Successfully changed project path to: /Users/david/Desktop/Capstone/USFCAGameDesignClubDemo-DoodleJump/DoodleJump
/Users/david/Desktop/Capstone/USFCAGameDesignClubDemo-DoodleJump/DoodleJump
Using Asset Import Pipeline V2.
Refreshing native plugins compatible for Editor in 53.13 ms, found 3 plugins.
Preloading 0 native plugins for Editor in 0.00 ms.
Initialize engine version: 2020.3.26f1 (7298b473bc1a)
[Subsystems] Discovering subsystems at path /Applications/Unity/Hub/Editor/2020.3.26f1/Unity.app/Contents/Resources/UnitySubsystems
[Subsystems] Discovering subsystems at path /Users/david/Desktop/Capstone/USFCAGameDesignClubDemo-DoodleJump/DoodleJump/Assets
GfxDevice: creating device client; threaded=0
2022-03-30 14:47:21.530 Unity[8173:483066] Color LCD preferred device: Intel(R) Iris(TM) Plus Graphics 655 (low power)
2022-03-30 14:47:21.530 Unity[8173:483066] Metal devices available: 1
2022-03-30 14:47:21.530 Unity[8173:483066] 0: Intel(R) Iris(TM) Plus Graphics 655 (low power)
2022-03-30 14:47:21.530 Unity[8173:483066] Using device Intel(R) Iris(TM) Plus Graphics 655 (low power)
Initializing Metal device caps: Intel(R) Iris(TM) Plus Graphics 655
Initialize mono
Mono path[0] = '/Applications/Unity/Hub/Editor/2020.3.26f1/Unity.app/Contents/Managed'
Mono path[1] = '/Applications/Unity/Hub/Editor/2020.3.26f1/Unity.app/Contents/MonoBleedingEdge/lib/mono/unityjit'
Mono config path = '/Applications/Unity/Hub/Editor/2020.3.26f1/Unity.app/Contents/MonoBleedingEdge/etc'
Using monoOptions --debugger-agent=transport=dt_socket,embedding=1,server=y,suspend=n,address=127.0.0.1:56173
Begin MonoManager ReloadAssembly
Registering precompiled unity dll's ...
Register platform support module: /Applications/Unity/Hub/Editor/2020.3.26f1/Unity.app/Contents/PlaybackEngines/MacStandaloneSupport/UnityEditor.OSXStandalone.Extensions.dll
Registered in 0.000573 seconds.
Native extension for OSXStandalone target not found
Refreshing native plugins compatible for Editor in 45.92 ms, found 3 plugins.
Preloading 0 native plugins for Editor in 0.00 ms.
Mono: successfully reloaded assembly
- Completed reload, in  0.730 seconds
Domain Reload Profiling:
	ReloadAssembly (731ms)
		BeginReloadAssembly (44ms)
			ExecutionOrderSort (0ms)
			DisableScriptedObjects (0ms)
			BackupInstance (0ms)
			ReleaseScriptingObjects (0ms)
			CreateAndSetChildDomain (1ms)
		EndReloadAssembly (595ms)
			LoadAssemblies (43ms)
			RebuildTransferFunctionScriptingTraits (0ms)
			SetupTypeCache (211ms)
			ReleaseScriptCaches (0ms)
			RebuildScriptCaches (48ms)
			SetupLoadedEditorAssemblies (237ms)
				LogAssemblyErrors (0ms)
				InitializePlatformSupportModulesInManaged (5ms)
				SetLoadedEditorAssemblies (0ms)
				RefreshPlugins (46ms)
				BeforeProcessingInitializeOnLoad (31ms)
				ProcessInitializeOnLoadAttributes (119ms)
				ProcessInitializeOnLoadMethodAttributes (35ms)
				AfterProcessingInitializeOnLoad (0ms)
				EditorAssembliesLoaded (0ms)
			ExecutionOrderSort2 (0ms)
			AwakeInstancesAfterBackupRestoration (0ms)
Platform modules already initialized, skipping
Registering precompiled user dll's ...
Registered in 0.002663 seconds.
Begin MonoManager ReloadAssembly
Native extension for OSXStandalone target not found
Refreshing native plugins compatible for Editor in 41.08 ms, found 3 plugins.
Preloading 0 native plugins for Editor in 0.00 ms.
Mono: successfully reloaded assembly
- Completed reload, in  1.442 seconds
Domain Reload Profiling:
	ReloadAssembly (1443ms)
		BeginReloadAssembly (172ms)
			ExecutionOrderSort (0ms)
			DisableScriptedObjects (5ms)
			BackupInstance (0ms)
			ReleaseScriptingObjects (0ms)
			CreateAndSetChildDomain (35ms)
		EndReloadAssembly (1191ms)
			LoadAssemblies (80ms)
			RebuildTransferFunctionScriptingTraits (0ms)
			SetupTypeCache (427ms)
			ReleaseScriptCaches (1ms)
			RebuildScriptCaches (66ms)
			SetupLoadedEditorAssemblies (463ms)
				LogAssemblyErrors (0ms)
				InitializePlatformSupportModulesInManaged (4ms)
				SetLoadedEditorAssemblies (0ms)
				RefreshPlugins (41ms)
				BeforeProcessingInitializeOnLoad (82ms)
				ProcessInitializeOnLoadAttributes (315ms)
				ProcessInitializeOnLoadMethodAttributes (19ms)
				AfterProcessingInitializeOnLoad (1ms)
				EditorAssembliesLoaded (0ms)
			ExecutionOrderSort2 (0ms)
			AwakeInstancesAfterBackupRestoration (8ms)
Platform modules already initialized, skipping
Validating Project structure ... 0.000181 seconds.
Shader import version has changed; will reimport all shaders...
Upgrading shader files ...0.000253 seconds.
Application.AssetDatabase Initial Script Refresh Start
RefreshInfo: InitialScriptRefreshV2(NoUpdateAssetOptions) scanfilter:  ... 1 filters
RefreshProfiler: Total: 0.000ms
Application.AssetDatabase Initial Script Refresh End
Application.AssetDatabase.Refresh Start
Application.AssetDatabase.Refresh End
RefreshInfo: StopAssetImportingV2(ForceSynchronousImport) scanfilter: 
RefreshProfiler: Total: 0.000ms
Launching external process: /Applications/Unity/Hub/Editor/2020.3.26f1/Unity.app/Contents/Tools/UnityShaderCompiler
Launched and connected shader compiler UnityShaderCompiler after 0.01 seconds
Initializing Unity extensions:
========================================================================
Worker process is ready to serve import requests
Refreshing native plugins compatible for Editor in 0.40 ms, found 3 plugins.
Preloading 0 native plugins for Editor in 0.00 ms.
Unloading 2198 Unused Serialized files (Serialized files now loaded: 0)
System memory in use before: 196.0 MB.
System memory in use after: 195.2 MB.

Unloading 101 unused Assets to reduce memory usage. Loaded Objects now: 2670.
Total: 3.680206 ms (FindLiveObjects: 0.156640 ms CreateObjectMapping: 0.076576 ms MarkObjects: 2.919367 ms  DeleteObjects: 0.526557 ms)

AssetImportParameters requested are different than current active one (requested -> active):
  custom:video-decoder-ogg-theora: a1e56fd34408186e4bbccfd4996cb3dc -> 
  custom:container-muxer-webm: aa71ff27fc2769a1b78a27578f13a17b -> 
  custom:container-demuxer-webm: 4f35f7cbe854078d1ac9338744f61a02 -> 
  custom:container-demuxer-ogg: 62fdf1f143b41e24485cea50d1cbac27 -> 
  custom:video-encoder-webm-vp8: eb34c28f22e8b96e1ab97ce403110664 -> 
  custom:framework-osx-AVFoundation: e770b220cccbd017edd2c1fefb359320 -> 
  custom:video-decoder-webm-vp8: 9c59270c3fd7afecdb556c50c9e8de78 -> 
  custom:audio-decoder-ogg-vorbis: bf7c407c2cedff20999df2af8eb42d56 -> 
  custom:audio-encoder-webm-vorbis: bf7c407c2cedff20999df2af8eb42d56 -> 
========================================================================
Received Import Request.
  path: Assets/Scripts
  artifactKey: Guid(6d124ad59937d47a8a8136fe8299508b) Importer(815301076,1909f56bfc062723c751e8b465ee728b)
Start importing Assets/Scripts using Guid(6d124ad59937d47a8a8136fe8299508b) Importer(815301076,1909f56bfc062723c751e8b465ee728b)  -> (artifact id: '8e60e69efd78a69509a496e7b4999610') in 0.004812 seconds 
  Import took 0.007929 seconds .

========================================================================
Received Import Request.
  Time since last request: 3.291085 seconds.
  path: Assets/Prefabs
  artifactKey: Guid(15a12e73801e14224838cb5c37ee53e8) Importer(815301076,1909f56bfc062723c751e8b465ee728b)
Start importing Assets/Prefabs using Guid(15a12e73801e14224838cb5c37ee53e8) Importer(815301076,1909f56bfc062723c751e8b465ee728b)  -> (artifact id: '0d06707fd6dc0209e29496b8a94ac711') in 0.002042 seconds 
  Import took 0.007162 seconds .

========================================================================
Received Import Request.
  Time since last request: 51.121904 seconds.
  path: Assets/Prefabs/Player.prefab
  artifactKey: Guid(cb0610d7903e249f49553db3afe07b2b) Importer(815301076,1909f56bfc062723c751e8b465ee728b)
Start importing Assets/Prefabs/Player.prefab using Guid(cb0610d7903e249f49553db3afe07b2b) Importer(815301076,1909f56bfc062723c751e8b465ee728b)  -> (artifact id: 'c4b2e9e44b5437f009ee034fa6335f9f') in 0.978669 seconds 
  Import took 0.985159 seconds .

========================================================================
Received Import Request.
  Time since last request: 0.940672 seconds.
  path: Assets/Prefabs/Platform.prefab
  artifactKey: Guid(6e30dcc7ced8943aea45242775f4889b) Importer(815301076,1909f56bfc062723c751e8b465ee728b)
Start importing Assets/Prefabs/Platform.prefab using Guid(6e30dcc7ced8943aea45242775f4889b) Importer(815301076,1909f56bfc062723c751e8b465ee728b)  -> (artifact id: 'ec8681fef8f96eadb58c704bcbb15365') in 0.011642 seconds 
  Import took 0.018107 seconds .

========================================================================
Received Import Request.
  Time since last request: 41.147848 seconds.
  path: Assets/Prefabs/Player.prefab
  artifactKey: Guid(cb0610d7903e249f49553db3afe07b2b) Importer(815301076,1909f56bfc062723c751e8b465ee728b)
Start importing Assets/Prefabs/Player.prefab using Guid(cb0610d7903e249f49553db3afe07b2b) Importer(815301076,1909f56bfc062723c751e8b465ee728b)  -> (artifact id: 'f244557f618f3040790977a502718eae') in 0.018816 seconds 
  Import took 0.026095 seconds .

========================================================================
Received Import Request.
  Time since last request: 35.560510 seconds.
  path: ProjectSettings/TagManager.asset
  artifactKey: Guid(00000000000000003000000000000000) Importer(815301076,1909f56bfc062723c751e8b465ee728b)
Start importing ProjectSettings/TagManager.asset using Guid(00000000000000003000000000000000) Importer(815301076,1909f56bfc062723c751e8b465ee728b)  -> (artifact id: '95df672b4aaba54310d34c83eef51bb8') in 0.327601 seconds 
  Import took 0.333201 seconds .

========================================================================
Received Import Request.
  Time since last request: 129.576805 seconds.
  path: Assets/Prefabs/Player.prefab
  artifactKey: Guid(cb0610d7903e249f49553db3afe07b2b) Importer(815301076,1909f56bfc062723c751e8b465ee728b)
Start importing Assets/Prefabs/Player.prefab using Guid(cb0610d7903e249f49553db3afe07b2b) Importer(815301076,1909f56bfc062723c751e8b465ee728b)  -> (artifact id: '2b9b93d3736d12392b79b70196c938aa') in 0.021126 seconds 
  Import took 0.026967 seconds .

========================================================================
Received Import Request.
  Time since last request: 22.656883 seconds.
  path: Assets/Prefabs/Platform.prefab
  artifactKey: Guid(6e30dcc7ced8943aea45242775f4889b) Importer(815301076,1909f56bfc062723c751e8b465ee728b)
Start importing Assets/Prefabs/Platform.prefab using Guid(6e30dcc7ced8943aea45242775f4889b) Importer(815301076,1909f56bfc062723c751e8b465ee728b)  -> (artifact id: 'b2683d728f85c630ee75adb2ae563178') in 0.014881 seconds 
  Import took 0.021424 seconds .

========================================================================
Received Import Request.
  Time since last request: 12.377883 seconds.
  path: Assets/Prefabs/Platform.prefab
  artifactKey: Guid(6e30dcc7ced8943aea45242775f4889b) Importer(815301076,1909f56bfc062723c751e8b465ee728b)
Start importing Assets/Prefabs/Platform.prefab using Guid(6e30dcc7ced8943aea45242775f4889b) Importer(815301076,1909f56bfc062723c751e8b465ee728b)  -> (artifact id: '843accba619b8bb64837e5cdbac10c7b') in 0.014924 seconds 
  Import took 0.021587 seconds .

========================================================================
Received Import Request.
  Time since last request: 15.334274 seconds.
  path: Assets/Prefabs/Player.prefab
  artifactKey: Guid(cb0610d7903e249f49553db3afe07b2b) Importer(815301076,1909f56bfc062723c751e8b465ee728b)
Start importing Assets/Prefabs/Player.prefab using Guid(cb0610d7903e249f49553db3afe07b2b) Importer(815301076,1909f56bfc062723c751e8b465ee728b)  -> (artifact id: 'ddea5706bbf88eb24ff9de40914c6767') in 0.014590 seconds 
  Import took 0.020975 seconds .

